<?xml version="1.0" encoding="UTF-8"?>
<!-- Generated by org.testng.reporters.JUnitXMLReporter -->
<testsuite ignored="0" hostname="LAPTOP-BQ2GGJM5" failures="0" tests="4" name="Default test" time="9.633" errors="0" timestamp="2024-07-18T19:19:10 IST">
  <testcase classname="api.testcases.UserTestusingprop" name="testCreateUser" time="3.622"/>
  <testcase classname="api.testcases.UserTestusingprop" name="testGetUserData" time="1.166"/>
  <testcase classname="api.testcases.UserTestusingprop" name="testUpdateUser" time="2.34"/>
  <testcase classname="api.testcases.UserTestusingprop" name="testDeleteUser" time="1.182"/>
</testsuite> <!-- Default test -->
