<?xml version="1.0" encoding="UTF-8"?>
<!-- Generated by org.testng.reporters.JUnitXMLReporter -->
<testsuite ignored="0" hostname="LAPTOP-BQ2GGJM5" failures="0" tests="16" name="Test" time="21.332" errors="0" timestamp="2024-07-16T21:13:27 IST">
  <testcase classname="api.testcases.DataDrivenTest" name="testCreateUser" time="2.663"/>
  <testcase classname="api.testcases.DataDrivenTest" name="testCreateUser" time="1.166"/>
  <testcase classname="api.testcases.DataDrivenTest" name="testCreateUser" time="1.191"/>
  <testcase classname="api.testcases.DataDrivenTest" name="testGetUserData" time="1.137"/>
  <testcase classname="api.testcases.DataDrivenTest" name="testGetUserData" time="1.091"/>
  <testcase classname="api.testcases.DataDrivenTest" name="testGetUserData" time="1.094"/>
  <testcase classname="api.testcases.DataDrivenTest" name="testUpdateUser" time="2.329"/>
  <testcase classname="api.testcases.DataDrivenTest" name="testUpdateUser" time="0.0"/>
  <testcase classname="api.testcases.DataDrivenTest" name="testUpdateUser" time="0.002"/>
  <testcase classname="api.testcases.DataDrivenTest" name="testDeleteUser" time="1.152"/>
  <testcase classname="api.testcases.DataDrivenTest" name="testDeleteUser" time="1.192"/>
  <testcase classname="api.testcases.DataDrivenTest" name="testDeleteUser" time="1.146"/>
  <testcase classname="api.testcases.UserTest" name="testCreateUser" time="1.125"/>
  <testcase classname="api.testcases.UserTest" name="testGetUserData" time="1.133"/>
  <testcase classname="api.testcases.UserTest" name="testUpdateUser" time="2.24"/>
  <testcase classname="api.testcases.UserTest" name="testDeleteUser" time="1.188"/>
</testsuite> <!-- Test -->
