<?xml version="1.0" encoding="UTF-8"?>
<!-- Generated by org.testng.reporters.JUnitXMLReporter -->
<testsuite ignored="0" hostname="LAPTOP-BQ2GGJM5" failures="0" tests="16" name="Test" time="23.938" errors="0" timestamp="2024-07-18T19:40:29 IST">
  <testcase classname="api.testcases.DataDrivenTest" name="testCreateUser" time="3.599"/>
  <testcase classname="api.testcases.DataDrivenTest" name="testCreateUser" time="1.177"/>
  <testcase classname="api.testcases.DataDrivenTest" name="testCreateUser" time="1.123"/>
  <testcase classname="api.testcases.DataDrivenTest" name="testGetUserData" time="1.247"/>
  <testcase classname="api.testcases.DataDrivenTest" name="testGetUserData" time="1.178"/>
  <testcase classname="api.testcases.DataDrivenTest" name="testGetUserData" time="1.126"/>
  <testcase classname="api.testcases.DataDrivenTest" name="testUpdateUser" time="2.263"/>
  <testcase classname="api.testcases.DataDrivenTest" name="testUpdateUser" time="0.001"/>
  <testcase classname="api.testcases.DataDrivenTest" name="testUpdateUser" time="0.0"/>
  <testcase classname="api.testcases.DataDrivenTest" name="testDeleteUser" time="1.149"/>
  <testcase classname="api.testcases.DataDrivenTest" name="testDeleteUser" time="1.108"/>
  <testcase classname="api.testcases.DataDrivenTest" name="testDeleteUser" time="1.194"/>
  <testcase classname="api.testcases.UserTest" name="testCreateUser" time="1.16"/>
  <testcase classname="api.testcases.UserTest" name="testGetUserData" time="1.152"/>
  <testcase classname="api.testcases.UserTest" name="testUpdateUser" time="2.254"/>
  <testcase classname="api.testcases.UserTest" name="testDeleteUser" time="1.236"/>
</testsuite> <!-- Test -->
