<?xml version="1.0" encoding="UTF-8"?>
<testng-results ignored="0" total="4" passed="4" failed="0" skipped="0">
  <reporter-output>
  </reporter-output>
  <suite started-at="2024-07-18T19:19:01 IST" name="Default suite" finished-at="2024-07-18T19:19:10 IST" duration-ms="9633">
    <groups>
    </groups>
    <test started-at="2024-07-18T19:19:01 IST" name="Default test" finished-at="2024-07-18T19:19:10 IST" duration-ms="9633">
      <class name="api.testcases.UserTestusingprop">
        <test-method is-config="true" signature="generateTestData()[pri:0, instance:api.testcases.UserTestusingprop@6892b3b6]" started-at="2024-07-18T19:19:01 IST" name="generateTestData" finished-at="2024-07-18T19:19:02 IST" duration-ms="1222" status="PASS">
          <reporter-output>
          </reporter-output>
        </test-method> <!-- generateTestData -->
        <test-method signature="testCreateUser()[pri:1, instance:api.testcases.UserTestusingprop@6892b3b6]" started-at="2024-07-18T19:19:02 IST" name="testCreateUser" finished-at="2024-07-18T19:19:06 IST" duration-ms="3622" status="PASS">
          <reporter-output>
          </reporter-output>
        </test-method> <!-- testCreateUser -->
        <test-method signature="testGetUserData()[pri:2, instance:api.testcases.UserTestusingprop@6892b3b6]" started-at="2024-07-18T19:19:06 IST" name="testGetUserData" finished-at="2024-07-18T19:19:07 IST" duration-ms="1166" status="PASS">
          <reporter-output>
          </reporter-output>
        </test-method> <!-- testGetUserData -->
        <test-method signature="testUpdateUser()[pri:3, instance:api.testcases.UserTestusingprop@6892b3b6]" started-at="2024-07-18T19:19:07 IST" name="testUpdateUser" finished-at="2024-07-18T19:19:09 IST" duration-ms="2340" status="PASS">
          <reporter-output>
          </reporter-output>
        </test-method> <!-- testUpdateUser -->
        <test-method signature="testDeleteUser()[pri:4, instance:api.testcases.UserTestusingprop@6892b3b6]" started-at="2024-07-18T19:19:09 IST" name="testDeleteUser" finished-at="2024-07-18T19:19:10 IST" duration-ms="1182" status="PASS">
          <reporter-output>
          </reporter-output>
        </test-method> <!-- testDeleteUser -->
      </class> <!-- api.testcases.UserTestusingprop -->
    </test> <!-- Default test -->
  </suite> <!-- Default suite -->
</testng-results>
